<?xml version="1.0" encoding="UTF-8"?>
<!-- Generated by org.testng.reporters.JUnitReportReporter -->
<testsuite hostname="DESKTOP-JJUUQ1A" failures="0" tests="3" name="testcases.LoginTestCase" time="13.675" errors="0" timestamp="2023-07-05T16:00:54 IST" skipped="0">
  <testcase classname="testcases.LoginTestCase" name="verifyLogin" time="4.955"/>
  <testcase classname="testcases.LoginTestCase" name="verifyLogin" time="4.359"/>
  <testcase classname="testcases.LoginTestCase" name="verifyLogin" time="4.361"/>
</testsuite> <!-- testcases.LoginTestCase -->
