<?xml version="1.0" encoding="UTF-8"?>
<!-- Generated by org.testng.reporters.JUnitReportReporter -->
<testsuite hostname="DESKTOP-JJUUQ1A" failures="0" tests="1" name="testcases.SignupTestCases" time="17.528" errors="0" timestamp="2023-07-05T16:00:54 IST" skipped="0">
  <testcase classname="testcases.SignupTestCases" name="verifySignup" time="17.528"/>
</testsuite> <!-- testcases.SignupTestCases -->
